<?xml version="1.0" encoding="UTF-8"?>
<!-- Generated by org.testng.reporters.JUnitReportReporter -->
<testsuite skipped="0" hostname="DESKTOP-JETEBKU" name="com.jbk.LoginTest" tests="4" failures="0" timestamp="19 Apr 2022 14:26:53 GMT" time="2.917" errors="0">
  <testcase name="EmailValidationTestCases" time="0.549" classname="com.jbk.LoginTest"/>
  <testcase name="PasswordValidationTestCases" time="0.416" classname="com.jbk.LoginTest"/>
  <testcase name="BothIncorrect" time="0.331" classname="com.jbk.LoginTest"/>
  <testcase name="BothCorrect" time="1.621" classname="com.jbk.LoginTest"/>
</testsuite> <!-- com.jbk.LoginTest -->
